#
# There is insufficient memory for the Java Runtime Environment to continue.
# Native memory allocation (malloc) failed to allocate 1048576 bytes for AllocateHeap
# Possible reasons:
#   The system is out of physical RAM or swap space
#   The process is running with CompressedOops enabled, and the Java Heap may be blocking the growth of the native heap
# Possible solutions:
#   Reduce memory load on the system
#   Increase physical memory or swap space
#   Check if swap backing store is full
#   Decrease Java heap size (-Xmx/-Xms)
#   Decrease number of Java threads
#   Decrease Java thread stack sizes (-Xss)
#   Set larger code cache with -XX:ReservedCodeCacheSize=
#   JVM is running with Unscaled Compressed Oops mode in which the Java heap is
#     placed in the first 4GB address space. The Java Heap base address is the
#     maximum limit for the native heap growth. Please use -XX:HeapBaseMinAddress
#     to set the Java Heap base and to place the Java Heap above 4GB virtual address.
# This output file may be truncated or incomplete.
#
#  Out of Memory Error (memory/allocation.inline.hpp:61), pid=24984, tid=0x000000000000614c
#
# JRE version:  (8.0_221-b11) (build )
# Java VM: Java HotSpot(TM) 64-Bit Server VM (25.221-b11 mixed mode windows-amd64 compressed oops)
# Failed to write core dump. Minidumps are not enabled by default on client versions of Windows
#

---------------  T H R E A D  ---------------

Current thread (0x000000000069d800):  JavaThread "Unknown thread" [_thread_in_vm, id=24908, stack(0x00000000022e0000,0x00000000023e0000)]

Stack: [0x00000000022e0000,0x00000000023e0000]
[error occurred during error reporting (printing stack bounds), id 0xc0000005]

Native frames: (J=compiled Java code, j=interpreted, Vv=VM code, C=native code)


---------------  P R O C E S S  ---------------

Java Threads: ( => current thread )

Other Threads:

=>0x000000000069d800 (exited) JavaThread "Unknown thread" [_thread_in_vm, id=24908, stack(0x00000000022e0000,0x00000000023e0000)]

VM state:not at safepoint (normal execution)

VM Mutex/Monitor currently owned by a thread: None

heap address: 0x0000000081600000, size: 2026 MB, Compressed Oops mode: 32-bit
Narrow klass base: 0x0000000000000000, Narrow klass shift: 3
Compressed class space size: 1073741824 Address: 0x0000000100000000

Heap:
 PSYoungGen      total 38400K, used 665K [0x00000000d5d00000, 0x00000000d8780000, 0x0000000100000000)
  eden space 33280K, 2% used [0x00000000d5d00000,0x00000000d5da6670,0x00000000d7d80000)
  from space 5120K, 0% used [0x00000000d8280000,0x00000000d8280000,0x00000000d8780000)
  to   space 5120K, 0% used [0x00000000d7d80000,0x00000000d7d80000,0x00000000d8280000)
 ParOldGen       total 87552K, used 0K [0x0000000081600000, 0x0000000086b80000, 0x00000000d5d00000)
  object space 87552K, 0% used [0x0000000081600000,0x0000000081600000,0x0000000086b80000)
 Metaspace       used 752K, capacity 4480K, committed 4480K, reserved 1056768K
  class space    used 76K, capacity 384K, committed 384K, reserved 1048576K

Card table byte_map: [0x00000000118e0000,0x0000000011ce0000] byte_map_base: 0x00000000114d5000

Marking Bits: (ParMarkBitMap*) 0x0000000075655ce0
 Begin Bits: [0x0000000012790000, 0x0000000014738000)
 End Bits:   [0x0000000014738000, 0x00000000166e0000)

Polling page: 0x00000000023f0000

CodeCache: size=245760Kb used=328Kb max_used=328Kb free=245431Kb
 bounds [0x0000000002520000, 0x0000000002790000, 0x0000000011520000]
 total_blobs=58 nmethods=0 adapters=38
 compilation: enabled

Compilation events (0 events):
No events

GC Heap History (0 events):
No events

Deoptimization events (0 events):
No events

Classes redefined (0 events):
No events

Internal exceptions (0 events):
No events

Events (10 events):
Event: 0.020 loading class java/lang/Short
Event: 0.021 loading class java/lang/Short done
Event: 0.021 loading class java/lang/Integer
Event: 0.021 loading class java/lang/Integer done
Event: 0.021 loading class java/lang/Long
Event: 0.021 loading class java/lang/Long done
Event: 0.021 loading class java/lang/NullPointerException
Event: 0.021 loading class java/lang/NullPointerException done
Event: 0.021 loading class java/lang/ArithmeticException
Event: 0.021 loading class java/lang/ArithmeticException done


Dynamic libraries:
0x00007ff611a20000 - 0x00007ff611a57000 	C:\Program Files\Java\jre1.8.0_221\bin\javaw.exe
0x00007ffe53b00000 - 0x00007ffe53cf0000 	C:\WINDOWS\SYSTEM32\ntdll.dll
0x00007ffe52f30000 - 0x00007ffe52fe2000 	C:\WINDOWS\System32\KERNEL32.DLL
0x00007ffe51680000 - 0x00007ffe51923000 	C:\WINDOWS\System32\KERNELBASE.dll
0x00007ffe52e00000 - 0x00007ffe52ea3000 	C:\WINDOWS\System32\ADVAPI32.dll
0x00007ffe52200000 - 0x00007ffe5229e000 	C:\WINDOWS\System32\msvcrt.dll
0x00007ffe52090000 - 0x00007ffe52127000 	C:\WINDOWS\System32\sechost.dll
0x00007ffe53800000 - 0x00007ffe53920000 	C:\WINDOWS\System32\RPCRT4.dll
0x00007ffe53920000 - 0x00007ffe53ab4000 	C:\WINDOWS\System32\USER32.dll
0x00007ffe515a0000 - 0x00007ffe515c1000 	C:\WINDOWS\System32\win32u.dll
0x00007ffe52300000 - 0x00007ffe52326000 	C:\WINDOWS\System32\GDI32.dll
0x00007ffe51a10000 - 0x00007ffe51ba4000 	C:\WINDOWS\System32\gdi32full.dll
0x00007ffe50ae0000 - 0x00007ffe50b7e000 	C:\WINDOWS\System32\msvcp_win.dll
0x00007ffe514a0000 - 0x00007ffe5159a000 	C:\WINDOWS\System32\ucrtbase.dll
0x00007ffe427f0000 - 0x00007ffe42a75000 	C:\WINDOWS\WinSxS\amd64_microsoft.windows.common-controls_6595b64144ccf1df_6.0.18362.476_none_e6c4b11b130f2595\COMCTL32.dll
0x00007ffe51d50000 - 0x00007ffe52086000 	C:\WINDOWS\System32\combase.dll
0x00007ffe51990000 - 0x00007ffe51a10000 	C:\WINDOWS\System32\bcryptPrimitives.dll
0x00007ffe51d20000 - 0x00007ffe51d4e000 	C:\WINDOWS\System32\IMM32.DLL
0x00000000768d0000 - 0x00000000769a2000 	C:\Program Files\Java\jre1.8.0_221\bin\msvcr100.dll
0x0000000074e30000 - 0x00000000756d5000 	C:\Program Files\Java\jre1.8.0_221\bin\server\jvm.dll
0x00007ffe524b0000 - 0x00007ffe524b8000 	C:\WINDOWS\System32\PSAPI.DLL
0x00007ffe4a770000 - 0x00007ffe4a77a000 	C:\WINDOWS\SYSTEM32\VERSION.dll
0x00007ffe30bc0000 - 0x00007ffe30bc9000 	C:\WINDOWS\SYSTEM32\WSOCK32.dll
0x00007ffe4e270000 - 0x00007ffe4e294000 	C:\WINDOWS\SYSTEM32\WINMM.dll
0x00007ffe52770000 - 0x00007ffe527df000 	C:\WINDOWS\System32\WS2_32.dll
0x00007ffe4e240000 - 0x00007ffe4e26d000 	C:\WINDOWS\SYSTEM32\winmmbase.dll
0x00007ffe51450000 - 0x00007ffe5149a000 	C:\WINDOWS\System32\cfgmgr32.dll
0x00007ffe4e790000 - 0x00007ffe4e79f000 	C:\Program Files\Java\jre1.8.0_221\bin\verify.dll
0x00007ffe4bd80000 - 0x00007ffe4bda9000 	C:\Program Files\Java\jre1.8.0_221\bin\java.dll
0x00007ffe4bfe0000 - 0x00007ffe4bff6000 	C:\Program Files\Java\jre1.8.0_221\bin\zip.dll

VM Arguments:
jvm_args: -Dfile.encoding=Cp1252 
java_command: view.View
java_class_path (initial): C:\Users\Manos Chatzakis\eclipse-workspace\SorryGame\bin
Launcher Type: SUN_STANDARD

Environment Variables:
JAVA_HOME=C:\Program Files\Java\jdk1.8.0_221
PATH=C:/Program Files/Java/jre1.8.0_221/bin/server;C:/Program Files/Java/jre1.8.0_221/bin;C:/Program Files/Java/jre1.8.0_221/lib/amd64;C:\Program Files\Java\jdk1.8.0_221\bin;C:\TDM-GCC-64\bin;C:\Program Files\MATLAB\R2018a\runtime\win64;C:\Program Files\MATLAB\R2018a\bin;C:\Program Files\PuTTY\;C:\WINDOWS\System32\OpenSSH\;C:\Users\Manos Chatzakis\AppData\Local\Microsoft\WindowsApps;C:\Users\Manos Chatzakis\AppData\Local\atom\bin;C:\Users\Manos Chatzakis\Desktop;
USERNAME=Manos Chatzakis
OS=Windows_NT
PROCESSOR_IDENTIFIER=Intel64 Family 6 Model 142 Stepping 10, GenuineIntel



---------------  S Y S T E M  ---------------

OS: Windows 10.0 , 64 bit Build 18362 (10.0.18362.329)

CPU:total 8 (initial active 8) (4 cores per cpu, 2 threads per core) family 6 model 142 stepping 10, cmov, cx8, fxsr, mmx, sse, sse2, sse3, ssse3, sse4.1, sse4.2, popcnt, avx, avx2, aes, clmul, erms, 3dnowpref, lzcnt, ht, tsc, tscinvbit, bmi1, bmi2, adx

Memory: 4k page, physical 8295652k(1323668k free), swap 33461476k(5424k free)

vm_info: Java HotSpot(TM) 64-Bit Server VM (25.221-b11) for windows-amd64 JRE (1.8.0_221-b11), built on Jul  4 2019 04:39:29 by "java_re" with MS VC++ 10.0 (VS2010)

time: Tue Dec 03 01:48:22 2019
timezone: GTB Standard Time
elapsed time: 0 seconds (0d 0h 0m 0s)

